<?xml version="1.0" encoding="UTF-8"?>
<testng-results ignored="0" total="1" passed="1" failed="0" skipped="0">
  <reporter-output>
  </reporter-output>
  <suite started-at="2023-04-27T14:32:20 IST" name="Default suite" finished-at="2023-04-27T14:32:43 IST" duration-ms="23459">
    <groups>
    </groups>
    <test started-at="2023-04-27T14:32:20 IST" name="Default test" finished-at="2023-04-27T14:32:43 IST" duration-ms="23459">
      <class name="newtest.testng.loginpage">
        <test-method is-config="true" signature="Before()[pri:0, instance:newtest.testng.loginpage@f0da945]" started-at="2023-04-27T14:32:20 IST" name="Before" finished-at="2023-04-27T14:32:32 IST" duration-ms="12403" status="PASS">
          <reporter-output>
          </reporter-output>
        </test-method> <!-- Before -->
        <test-method signature="TC_001()[pri:0, instance:newtest.testng.loginpage@f0da945]" started-at="2023-04-27T14:32:32 IST" name="TC_001" finished-at="2023-04-27T14:32:43 IST" duration-ms="10710" status="PASS">
          <reporter-output>
          </reporter-output>
        </test-method> <!-- TC_001 -->
        <test-method is-config="true" signature="tc_002()[pri:0, instance:newtest.testng.loginpage@f0da945]" started-at="2023-04-27T14:32:43 IST" name="tc_002" finished-at="2023-04-27T14:32:43 IST" duration-ms="276" status="PASS">
          <reporter-output>
          </reporter-output>
        </test-method> <!-- tc_002 -->
      </class> <!-- newtest.testng.loginpage -->
    </test> <!-- Default test -->
  </suite> <!-- Default suite -->
</testng-results>
